This is pdfTeX, Version 3.1415926-2.5-1.40.14 (TeX Live 2013) (format=pdflatex 2013.5.30)  6 OCT 2014 22:06
entering extended mode
 restricted \write18 enabled.
 file:line:error style messages enabled.
 %&-line parsing enabled.
**UMass.tex
(./UMass.tex
LaTeX2e <2011/06/27>
Babel <3.9f> and hyphenation patterns for 78 languages loaded.
(/usr/local/texlive/2013/texmf-dist/tex/latex/koma-script/scrlttr2.cls
Document Class: scrlttr2 2012/07/29 v3.11b KOMA-Script document class (letter)
(/usr/local/texlive/2013/texmf-dist/tex/latex/koma-script/scrkbase.sty
Package: scrkbase 2012/07/29 v3.11b KOMA-Script package (KOMA-Script-dependent 
basics and keyval usage)

(/usr/local/texlive/2013/texmf-dist/tex/latex/koma-script/scrbase.sty
Package: scrbase 2012/07/29 v3.11b KOMA-Script package (KOMA-Script-independent
 basics and keyval usage)

(/usr/local/texlive/2013/texmf-dist/tex/latex/graphics/keyval.sty
Package: keyval 1999/03/16 v1.13 key=value parser (DPC)
\KV@toks@=\toks14
)
(/usr/local/texlive/2013/texmf-dist/tex/latex/koma-script/scrlfile.sty
Package: scrlfile 2012/06/15 v3.12 KOMA-Script package (loading files)

Package scrlfile, 2012/06/15 v3.12 KOMA-Script package (loading files)
                  Copyright (C) Markus Kohm

)))
Class scrlttr2 Info: File `scrsize12pt.clo' used to setup font sizes on input l
ine 1174.
 (/usr/local/texlive/2013/texmf-dist/tex/latex/koma-script/scrsize12pt.clo
File: scrsize12pt.clo 2012/07/29 v3.11b KOMA-Script font size class option (12p
t)
)
(/usr/local/texlive/2013/texmf-dist/tex/latex/koma-script/typearea.sty
Package: typearea 2012/07/29 v3.11b KOMA-Script package (type area)

Package typearea, 2012/07/29 v3.11b KOMA-Script package (type area)
                  Copyright (C) Frank Neukam, 1992-1994
                  Copyright (C) Markus Kohm, 1994-

\ta@bcor=\skip41
\ta@div=\count79
\ta@hblk=\skip42
\ta@vblk=\skip43
\ta@temp=\skip44
Package typearea Info: These are the values describing the layout:
(typearea)             DIV  = 12
(typearea)             BCOR = 0.0pt
(typearea)             \paperwidth      = 597.50793pt
(typearea)              \textwidth      = 448.13095pt
(typearea)              DIV departure   = -6%
(typearea)              \evensidemargin = 2.4185pt
(typearea)              \oddsidemargin  = 2.4185pt
(typearea)             \paperheight     = 845.04694pt
(typearea)              \textheight     = 635.5pt
(typearea)              \topmargin      = -41.72441pt
(typearea)              \headheight     = 18.125pt
(typearea)              \headsep        = 21.75pt
(typearea)              \topskip        = 12.0pt
(typearea)              \footskip       = 50.75pt
(typearea)              \baselineskip   = 14.5pt
(typearea)              on input line 1213.
))
Class scrlttr2 Info: Letter-Class-Option `DIN' loaded on input line 2.
 (/usr/local/texlive/2013/texmf-dist/tex/latex/koma-script/DIN.lco
File: DIN.lco 2012/07/29 v3.11b KOMA-Script letter-class-option
)
(/usr/local/texlive/2013/texmf-dist/tex/generic/babel/babel.sty
Package: babel 2013/05/16 v3.9f The Babel package

(/usr/local/texlive/2013/texmf-dist/tex/generic/babel-english/english.ldf
Language: english 2012/08/20 v3.3p English support from the babel system

(/usr/local/texlive/2013/texmf-dist/tex/generic/babel/babel.def
File: babel.def 2013/05/16 v3.9f Babel common definitions
\babel@savecnt=\count80
\U@D=\dimen102
)
\l@canadian = a dialect from \language\l@american 
\l@australian = a dialect from \language\l@british 
\l@newzealand = a dialect from \language\l@british 
))
(/usr/local/texlive/2013/texmf-dist/tex/latex/graphics/graphicx.sty
Package: graphicx 1999/02/16 v1.0f Enhanced LaTeX Graphics (DPC,SPQR)

(/usr/local/texlive/2013/texmf-dist/tex/latex/graphics/graphics.sty
Package: graphics 2009/02/05 v1.0o Standard LaTeX Graphics (DPC,SPQR)

(/usr/local/texlive/2013/texmf-dist/tex/latex/graphics/trig.sty
Package: trig 1999/03/16 v1.09 sin cos tan (DPC)
)
(/usr/local/texlive/2013/texmf-dist/tex/latex/latexconfig/graphics.cfg
File: graphics.cfg 2010/04/23 v1.9 graphics configuration of TeX Live
)
Package graphics Info: Driver file: pdftex.def on input line 91.

(/usr/local/texlive/2013/texmf-dist/tex/latex/pdftex-def/pdftex.def
File: pdftex.def 2011/05/27 v0.06d Graphics/color for pdfTeX

(/usr/local/texlive/2013/texmf-dist/tex/generic/oberdiek/infwarerr.sty
Package: infwarerr 2010/04/08 v1.3 Providing info/warning/error messages (HO)
)
(/usr/local/texlive/2013/texmf-dist/tex/generic/oberdiek/ltxcmds.sty
Package: ltxcmds 2011/11/09 v1.22 LaTeX kernel commands for general use (HO)
)
\Gread@gobject=\count81
))
\Gin@req@height=\dimen103
\Gin@req@width=\dimen104
)
(/usr/local/texlive/2013/texmf-dist/tex/latex/url/url.sty
\Urlmuskip=\muskip10
Package: url 2006/04/12  ver 3.3  Verb mode for urls, etc.
)
(/usr/local/texlive/2013/texmf-dist/tex/latex/preprint/fullpage.sty
Package: fullpage 1999/02/23 1.1 (PWD)
\FP@margin=\skip45
)
(/usr/local/texlive/2013/texmf-dist/tex/latex/pdfpages/pdfpages.sty
Package: pdfpages 2012/08/31 v0.4t Insert pages of external PDF documents (AM)

(/usr/local/texlive/2013/texmf-dist/tex/latex/base/ifthen.sty
Package: ifthen 2001/05/26 v1.1c Standard LaTeX ifthen package (DPC)
)
(/usr/local/texlive/2013/texmf-dist/tex/latex/tools/calc.sty
Package: calc 2007/08/22 v4.3 Infix arithmetic (KKT,FJ)
\calc@Acount=\count82
\calc@Bcount=\count83
\calc@Adimen=\dimen105
\calc@Bdimen=\dimen106
\calc@Askip=\skip46
\calc@Bskip=\skip47
LaTeX Info: Redefining \setlength on input line 76.
LaTeX Info: Redefining \addtolength on input line 77.
\calc@Ccount=\count84
\calc@Cskip=\skip48
)
(/usr/local/texlive/2013/texmf-dist/tex/latex/eso-pic/eso-pic.sty
Package: eso-pic 2010/10/06 v2.0c eso-pic (RN)

(/usr/local/texlive/2013/texmf-dist/tex/generic/oberdiek/atbegshi.sty
Package: atbegshi 2011/10/05 v1.16 At begin shipout hook (HO)

(/usr/local/texlive/2013/texmf-dist/tex/generic/oberdiek/ifpdf.sty
Package: ifpdf 2011/01/30 v2.3 Provides the ifpdf switch (HO)
Package ifpdf Info: pdfTeX in PDF mode is detected.
))
(/usr/local/texlive/2013/texmf-dist/tex/latex/xcolor/xcolor.sty
Package: xcolor 2007/01/21 v2.11 LaTeX color extensions (UK)

(/usr/local/texlive/2013/texmf-dist/tex/latex/latexconfig/color.cfg
File: color.cfg 2007/01/18 v1.5 color configuration of teTeX/TeXLive
)
Package xcolor Info: Driver file: pdftex.def on input line 225.
Package xcolor Info: Model `cmy' substituted by `cmy0' on input line 1337.
Package xcolor Info: Model `hsb' substituted by `rgb' on input line 1341.
Package xcolor Info: Model `RGB' extended on input line 1353.
Package xcolor Info: Model `HTML' substituted by `rgb' on input line 1355.
Package xcolor Info: Model `Hsb' substituted by `hsb' on input line 1356.
Package xcolor Info: Model `tHsb' substituted by `hsb' on input line 1357.
Package xcolor Info: Model `HSB' substituted by `hsb' on input line 1358.
Package xcolor Info: Model `Gray' substituted by `gray' on input line 1359.
Package xcolor Info: Model `wave' substituted by `hsb' on input line 1360.
))
(/usr/local/texlive/2013/texmf-dist/tex/latex/pdfpages/pppdftex.def
File: pppdftex.def 2012/08/31 v0.4t Pdfpages driver for pdfTeX (AM)
)
\AM@pagebox=\box26
\AM@toc@title=\toks15
\c@AM@survey=\count85
\AM@templatesizebox=\box27
)
(./UMass.aux)
\openout1 = `UMass.aux'.

LaTeX Font Info:    Checking defaults for OML/cmm/m/it on input line 32.
LaTeX Font Info:    ... okay on input line 32.
LaTeX Font Info:    Checking defaults for T1/cmr/m/n on input line 32.
LaTeX Font Info:    ... okay on input line 32.
LaTeX Font Info:    Checking defaults for OT1/cmr/m/n on input line 32.
LaTeX Font Info:    ... okay on input line 32.
LaTeX Font Info:    Checking defaults for OMS/cmsy/m/n on input line 32.
LaTeX Font Info:    ... okay on input line 32.
LaTeX Font Info:    Checking defaults for OMX/cmex/m/n on input line 32.
LaTeX Font Info:    ... okay on input line 32.
LaTeX Font Info:    Checking defaults for U/cmr/m/n on input line 32.
LaTeX Font Info:    ... okay on input line 32.
Package scrbase Info: `\ccname' at language `english' already defined
(scrbase)             --> skipped on input line 32.
Package scrbase Info: `\enclname' at language `english' already defined
(scrbase)             --> skipped on input line 32.
Package scrbase Info: `\headtoname' at language `english' already defined
(scrbase)             --> skipped on input line 32.
Package scrbase Info: `\pagename' at language `english' already defined
(scrbase)             --> skipped on input line 32.
Package scrbase Info: No captions found for `USenglish'
(scrbase)             --> skipped on input line 32.
Class scrlttr2 Info: no date found for language `USenglish'
(scrlttr2)           --> skipped on input line 32.
Package scrbase Info: No captions found for `american'
(scrbase)             --> skipped on input line 32.
Class scrlttr2 Info: no date found for language `american'
(scrlttr2)           --> skipped on input line 32.
Package scrbase Info: No captions found for `british'
(scrbase)             --> skipped on input line 32.
Class scrlttr2 Info: no date found for language `british'
(scrlttr2)           --> skipped on input line 32.
Package scrbase Info: No captions found for `UKenglish'
(scrbase)             --> skipped on input line 32.
Class scrlttr2 Info: no date found for language `UKenglish'
(scrlttr2)           --> skipped on input line 32.
Package scrbase Info: No captions found for `german'
(scrbase)             --> skipped on input line 32.
Class scrlttr2 Info: no date found for language `german'
(scrlttr2)           --> skipped on input line 32.
Package scrbase Info: No captions found for `ngerman'
(scrbase)             --> skipped on input line 32.
Class scrlttr2 Info: no date found for language `ngerman'
(scrlttr2)           --> skipped on input line 32.
Package scrbase Info: No captions found for `austrian'
(scrbase)             --> skipped on input line 32.
Class scrlttr2 Info: no date found for language `austrian'
(scrlttr2)           --> skipped on input line 32.
Package scrbase Info: No captions found for `naustrian'
(scrbase)             --> skipped on input line 32.
Class scrlttr2 Info: no date found for language `naustrian'
(scrlttr2)           --> skipped on input line 32.
Package scrbase Info: No captions found for `french'
(scrbase)             --> skipped on input line 32.
Class scrlttr2 Info: no date found for language `french'
(scrlttr2)           --> skipped on input line 32.
Package scrbase Info: No captions found for `italian'
(scrbase)             --> skipped on input line 32.
Class scrlttr2 Info: no date found for language `italian'
(scrlttr2)           --> skipped on input line 32.
Package scrbase Info: No captions found for `spanish'
(scrbase)             --> skipped on input line 32.
Class scrlttr2 Info: no date found for language `spanish'
(scrlttr2)           --> skipped on input line 32.
Package scrbase Info: No captions found for `croatian'
(scrbase)             --> skipped on input line 32.
Class scrlttr2 Info: no date found for language `croatian'
(scrlttr2)           --> skipped on input line 32.
Package scrbase Info: No captions found for `dutch'
(scrbase)             --> skipped on input line 32.
Class scrlttr2 Info: no date found for language `dutch'
(scrlttr2)           --> skipped on input line 32.
Package scrbase Info: No captions found for `finnish'
(scrbase)             --> skipped on input line 32.
Class scrlttr2 Info: no date found for language `finnish'
(scrlttr2)           --> skipped on input line 32.
Package scrbase Info: No captions found for `norsk'
(scrbase)             --> skipped on input line 32.
Class scrlttr2 Info: no date found for language `norsk'
(scrlttr2)           --> skipped on input line 32.
Package scrbase Info: No captions found for `swedish'
(scrbase)             --> skipped on input line 32.
Class scrlttr2 Info: no date found for language `swedish'
(scrlttr2)           --> skipped on input line 32.
Class scrlttr2 Info: used language is `english'.
(scrlttr2)           Supported languages are `english', `UKenglish',
(scrlttr2)           `british', `american', `USenglish',
(scrlttr2)           `german', `ngerman', `austrian', `naustrian',
(scrlttr2)           `dutch', `italian', `spanish',
(scrlttr2)           `croatian', `finnish', `norsk' on input line 32.

(/usr/local/texlive/2013/texmf-dist/tex/context/base/supp-pdf.mkii
[Loading MPS to PDF converter (version 2006.09.02).]
\scratchcounter=\count86
\scratchdimen=\dimen107
\scratchbox=\box28
\nofMPsegments=\count87
\nofMParguments=\count88
\everyMPshowfont=\toks16
\MPscratchCnt=\count89
\MPscratchDim=\dimen108
\MPnumerator=\count90
\makeMPintoPDFobject=\count91
\everyMPtoPDFconversion=\toks17
) (/usr/local/texlive/2013/texmf-dist/tex/generic/oberdiek/pdftexcmds.sty
Package: pdftexcmds 2011/11/29 v0.20 Utility functions of pdfTeX for LuaTeX (HO
)

(/usr/local/texlive/2013/texmf-dist/tex/generic/oberdiek/ifluatex.sty
Package: ifluatex 2010/03/01 v1.3 Provides the ifluatex switch (HO)
Package ifluatex Info: LuaTeX not detected.
)
Package pdftexcmds Info: LuaTeX not detected.
Package pdftexcmds Info: \pdf@primitive is available.
Package pdftexcmds Info: \pdf@ifprimitive is available.
Package pdftexcmds Info: \pdfdraftmode found.
)
(/usr/local/texlive/2013/texmf-dist/tex/latex/oberdiek/epstopdf-base.sty
Package: epstopdf-base 2010/02/09 v2.5 Base part for package epstopdf

(/usr/local/texlive/2013/texmf-dist/tex/latex/oberdiek/grfext.sty
Package: grfext 2010/08/19 v1.1 Manage graphics extensions (HO)

(/usr/local/texlive/2013/texmf-dist/tex/generic/oberdiek/kvdefinekeys.sty
Package: kvdefinekeys 2011/04/07 v1.3 Define keys (HO)
))
(/usr/local/texlive/2013/texmf-dist/tex/latex/oberdiek/kvoptions.sty
Package: kvoptions 2011/06/30 v3.11 Key value format for package options (HO)

(/usr/local/texlive/2013/texmf-dist/tex/generic/oberdiek/kvsetkeys.sty
Package: kvsetkeys 2012/04/25 v1.16 Key value parser (HO)

(/usr/local/texlive/2013/texmf-dist/tex/generic/oberdiek/etexcmds.sty
Package: etexcmds 2011/02/16 v1.5 Avoid name clashes with e-TeX commands (HO)
Package etexcmds Info: Could not find \expanded.
(etexcmds)             That can mean that you are not using pdfTeX 1.50 or
(etexcmds)             that some package has redefined \expanded.
(etexcmds)             In the latter case, load this package earlier.
)))
Package grfext Info: Graphics extension search list:
(grfext)             [.png,.pdf,.jpg,.mps,.jpeg,.jbig2,.jb2,.PNG,.PDF,.JPG,.JPE
G,.JBIG2,.JB2,.eps]
(grfext)             \AppendGraphicsExtensions on input line 452.

(/usr/local/texlive/2013/texmf-dist/tex/latex/latexconfig/epstopdf-sys.cfg
File: epstopdf-sys.cfg 2010/07/13 v1.3 Configuration of (r)epstopdf for TeX Liv
e
))
\AtBeginShipoutBox=\box29

Foldmarks: yes
No head at first page
Foot of first page
Address (backaddress, addressee)
LaTeX Font Info:    External font `cmex10' loaded for size
(Font)              <12> on input line 43.
LaTeX Font Info:    External font `cmex10' loaded for size
(Font)              <8> on input line 43.
LaTeX Font Info:    External font `cmex10' loaded for size
(Font)              <6> on input line 43.

Overfull \hbox (49.75565pt too wide) in paragraph at lines 43--43
$[]$ 
 []


Overfull \hbox (49.75565pt too wide) in paragraph at lines 43--43
$[]$ 
 []


Class scrlttr2 Warning: backaddress is 11.49988pt too high.
(scrlttr2)              You have to change `backaddrheight'
(scrlttr2)              or you have to define a smaller
(scrlttr2)              backaddress using \setkomavar.
(scrlttr2)              Because of this too high backaddress
(scrlttr2)              you've got an overfull \vbox message on input line 43.


Overfull \hbox (49.75565pt too wide) in paragraph at lines 43--43
$[]$ 
 []

Location field: empty
Title: no
Subject: no
[1

{/usr/local/texlive/2013/texmf-var/fonts/map/pdftex/updmap/pdftex.map}]
Overfull \vbox (10.14995pt too high) has occurred while \output is active []


[2] (./UMass.aux) ) 
Here is how much of TeX's memory you used:
 4236 strings out of 493315
 63939 string characters out of 6137904
 171947 words of memory out of 5000000
 7633 multiletter control sequences out of 15000+600000
 7192 words of font info for 26 fonts, out of 8000000 for 9000
 957 hyphenation exceptions out of 8191
 47i,10n,51p,1007b,324s stack positions out of 5000i,500n,10000p,200000b,80000s
</usr/local/texlive/2013/texmf-dist/fonts/type1/public/amsfo
nts/cm/cmr12.pfb></usr/local/texlive/2013/texmf-dist/fonts/type1/public/amsfont
s/cm/cmss8.pfb></usr/local/texlive/2013/texmf-dist/fonts/type1/public/amsfonts/
cm/cmti12.pfb></usr/local/texlive/2013/texmf-dist/fonts/type1/public/amsfonts/c
m/cmtt12.pfb>
Output written on UMass.pdf (2 pages, 58313 bytes).
PDF statistics:
 27 PDF objects out of 1000 (max. 8388607)
 18 compressed objects within 1 object stream
 0 named destinations out of 1000 (max. 500000)
 1 words of extra memory for PDF output out of 10000 (max. 10000000)

